2003.03.24 11:55 B C:\SU\CSE687\Code\STL\iterators\ITER1\ITER1A.BAK --> ftp.ecs.syr.edu /faculty/fawcett/handouts/CSE687/code/STL/iterators/ITER1 ITER1A.BAK
2003.03.24 11:55 B C:\SU\CSE687\Code\STL\iterators\ITER1\ITER1A.CPP --> ftp.ecs.syr.edu /faculty/fawcett/handouts/CSE687/code/STL/iterators/ITER1 ITER1A.CPP
2003.03.24 11:55 B C:\SU\CSE687\Code\STL\iterators\ITER1\ITER1A.DAT --> ftp.ecs.syr.edu /faculty/fawcett/handouts/CSE687/code/STL/iterators/ITER1 ITER1A.DAT
2003.03.24 11:55 B C:\SU\CSE687\Code\STL\iterators\ITER1\ITER1A.EXE --> ftp.ecs.syr.edu /faculty/fawcett/handouts/CSE687/code/STL/iterators/ITER1 ITER1A.EXE
2003.03.24 11:55 B C:\SU\CSE687\Code\STL\iterators\ITER1\ITER1A.PRN --> ftp.ecs.syr.edu /faculty/fawcett/handouts/CSE687/code/STL/iterators/ITER1 ITER1A.PRN
2003.03.24 11:55 B C:\SU\CSE687\Code\STL\iterators\ITER1\ITER1B.CPP --> ftp.ecs.syr.edu /faculty/fawcett/handouts/CSE687/code/STL/iterators/ITER1 ITER1B.CPP
2003.03.24 11:55 B C:\SU\CSE687\Code\STL\iterators\ITER1\ITER1B.DAT --> ftp.ecs.syr.edu /faculty/fawcett/handouts/CSE687/code/STL/iterators/ITER1 ITER1B.DAT
2003.03.24 11:55 B C:\SU\CSE687\Code\STL\iterators\ITER1\ITER1C.CPP --> ftp.ecs.syr.edu /faculty/fawcett/handouts/CSE687/code/STL/iterators/ITER1 ITER1C.CPP
2003.03.24 11:55 B C:\SU\CSE687\Code\STL\iterators\ITER1\LINES --> ftp.ecs.syr.edu /faculty/fawcett/handouts/CSE687/code/STL/iterators/ITER1 LINES
2003.03.27 16:54 B C:\SU\CSE687\Code\STL\iterators\ITER1\WS_FTP.LOG --> ftp.ecs.syr.edu /faculty/fawcett/handouts/CSE687/code/STL/iterators/ITER1 WS_FTP.LOG
2005.03.21 10:03 B C:\SU\CSE687\Code\STL\iterators\ITER1\ITER1A.BAK --> ftp.ecs.syr.edu /faculty/fawcett/handouts/CSE687/code/STL/iterators/ITER1 ITER1A.BAK
2005.03.21 10:03 B C:\SU\CSE687\Code\STL\iterators\ITER1\LINES --> ftp.ecs.syr.edu /faculty/fawcett/handouts/CSE687/code/STL/iterators/ITER1 LINES
2005.03.21 10:03 B C:\SU\CSE687\Code\STL\iterators\ITER1\WS_FTP.LOG --> ftp.ecs.syr.edu /faculty/fawcett/handouts/CSE687/code/STL/iterators/ITER1 WS_FTP.LOG
2005.03.28 08:16 B C:\SU\CSE687\Code\STL\iterators\ITER1\WS_FTP.LOG --> ftp.ecs.syr.edu /faculty/fawcett/handouts/CSE687/code/STL/iterators/ITER1 WS_FTP.LOG
2005.03.28 11:40 B C:\SU\CSE687\Code\STL\iterators\ITER1\WS_FTP.LOG --> ftp.ecs.syr.edu /faculty/fawcett/handouts/CSE687/code/STL/iterators/ITER1 WS_FTP.LOG
2006.03.29 06:00 B C:\SU\CSE687\Code\STL\iterators\ITER1\WS_FTP.LOG --> ftp.ecs.syr.edu /faculty/fawcett/handouts/CSE687/code/STL/iterators/ITER1 WS_FTP.LOG
2006.03.29 06:00 B C:\SU\CSE687\Code\STL\iterators\ITER1\ITER1A.EXE --> ftp.ecs.syr.edu /faculty/fawcett/handouts/CSE687/code/STL/iterators/ITER1 ITER1A.EXE
2006.03.29 06:00 B C:\SU\CSE687\Code\STL\iterators\ITER1\ITER1A.DAT --> ftp.ecs.syr.edu /faculty/fawcett/handouts/CSE687/code/STL/iterators/ITER1 ITER1A.DAT
2006.03.29 06:00 B C:\SU\CSE687\Code\STL\iterators\ITER1\ITER1A.CPP --> ftp.ecs.syr.edu /faculty/fawcett/handouts/CSE687/code/STL/iterators/ITER1 ITER1A.CPP
2006.03.29 06:00 B C:\SU\CSE687\Code\STL\iterators\ITER1\ITER1A.PRN --> ftp.ecs.syr.edu /faculty/fawcett/handouts/CSE687/code/STL/iterators/ITER1 ITER1A.PRN
2006.03.29 06:00 B C:\SU\CSE687\Code\STL\iterators\ITER1\LINES --> ftp.ecs.syr.edu /faculty/fawcett/handouts/CSE687/code/STL/iterators/ITER1 LINES
2006.03.29 06:00 B C:\SU\CSE687\Code\STL\iterators\ITER1\ITER1C.CPP --> ftp.ecs.syr.edu /faculty/fawcett/handouts/CSE687/code/STL/iterators/ITER1 ITER1C.CPP
2006.03.29 06:00 B C:\SU\CSE687\Code\STL\iterators\ITER1\ITER1B.DAT --> ftp.ecs.syr.edu /faculty/fawcett/handouts/CSE687/code/STL/iterators/ITER1 ITER1B.DAT
2006.03.29 06:00 B C:\SU\CSE687\Code\STL\iterators\ITER1\ITER1B.CPP --> ftp.ecs.syr.edu /faculty/fawcett/handouts/CSE687/code/STL/iterators/ITER1 ITER1B.CPP
2006.03.29 06:00 B C:\SU\CSE687\Code\STL\iterators\ITER1\ITER1A.BAK --> ftp.ecs.syr.edu /faculty/fawcett/handouts/CSE687/code/STL/iterators/ITER1 ITER1A.BAK
