2003.03.27 16:55 B C:\SU\CSE687\Code\STL\STLCODE\ALGO1.CPP --> ftp.ecs.syr.edu /faculty/fawcett/handouts/CSE687/code/STL/STLCODE ALGO1.CPP
2003.03.27 16:55 B C:\SU\CSE687\Code\STL\STLCODE\ALGO2A.CPP --> ftp.ecs.syr.edu /faculty/fawcett/handouts/CSE687/code/STL/STLCODE ALGO2A.CPP
2003.03.27 16:55 B C:\SU\CSE687\Code\STL\STLCODE\ALGO2B.CPP --> ftp.ecs.syr.edu /faculty/fawcett/handouts/CSE687/code/STL/STLCODE ALGO2B.CPP
2003.03.27 16:55 B C:\SU\CSE687\Code\STL\STLCODE\ITER1A.CPP --> ftp.ecs.syr.edu /faculty/fawcett/handouts/CSE687/code/STL/STLCODE ITER1A.CPP
2003.03.27 16:55 B C:\SU\CSE687\Code\STL\STLCODE\ITER1B.CPP --> ftp.ecs.syr.edu /faculty/fawcett/handouts/CSE687/code/STL/STLCODE ITER1B.CPP
2003.03.27 16:55 B C:\SU\CSE687\Code\STL\STLCODE\ITER1C.CPP --> ftp.ecs.syr.edu /faculty/fawcett/handouts/CSE687/code/STL/STLCODE ITER1C.CPP
2003.03.27 16:55 B C:\SU\CSE687\Code\STL\STLCODE\ITER2A.CPP --> ftp.ecs.syr.edu /faculty/fawcett/handouts/CSE687/code/STL/STLCODE ITER2A.CPP
2003.03.27 16:55 B C:\SU\CSE687\Code\STL\STLCODE\ITER2B.CPP --> ftp.ecs.syr.edu /faculty/fawcett/handouts/CSE687/code/STL/STLCODE ITER2B.CPP
2003.03.27 16:55 B C:\SU\CSE687\Code\STL\STLCODE\ITER2C.CPP --> ftp.ecs.syr.edu /faculty/fawcett/handouts/CSE687/code/STL/STLCODE ITER2C.CPP
2003.03.27 16:55 B C:\SU\CSE687\Code\STL\STLCODE\REMOVE0.CPP --> ftp.ecs.syr.edu /faculty/fawcett/handouts/CSE687/code/STL/STLCODE REMOVE0.CPP
2003.03.27 16:55 B C:\SU\CSE687\Code\STL\STLCODE\REMOVE1.CPP --> ftp.ecs.syr.edu /faculty/fawcett/handouts/CSE687/code/STL/STLCODE REMOVE1.CPP
2003.03.27 16:55 B C:\SU\CSE687\Code\STL\STLCODE\REMOVE2.CPP --> ftp.ecs.syr.edu /faculty/fawcett/handouts/CSE687/code/STL/STLCODE REMOVE2.CPP
2003.03.27 16:55 B C:\SU\CSE687\Code\STL\STLCODE\REMOVE3.CPP --> ftp.ecs.syr.edu /faculty/fawcett/handouts/CSE687/code/STL/STLCODE REMOVE3.CPP
2003.03.27 16:55 B C:\SU\CSE687\Code\STL\STLCODE\REMOVE4.CPP --> ftp.ecs.syr.edu /faculty/fawcett/handouts/CSE687/code/STL/STLCODE REMOVE4.CPP
2003.03.27 16:55 B C:\SU\CSE687\Code\STL\STLCODE\SET1.CPP --> ftp.ecs.syr.edu /faculty/fawcett/handouts/CSE687/code/STL/STLCODE SET1.CPP
2003.03.27 16:55 B C:\SU\CSE687\Code\STL\STLCODE\SET2.CPP --> ftp.ecs.syr.edu /faculty/fawcett/handouts/CSE687/code/STL/STLCODE SET2.CPP
2004.03.21 20:06 B C:\SU\CSE687\Code\STL\STLCODE\WS_FTP.LOG --> ftp.ecs.syr.edu /faculty/fawcett/handouts/CSE687/code/STL/STLCODE WS_FTP.LOG
2004.03.24 10:03 B C:\SU\CSE687\Code\STL\STLCODE\WS_FTP.LOG --> ftp.ecs.syr.edu /faculty/fawcett/handouts/CSE687/code/STL/STLCODE WS_FTP.LOG
2005.03.21 10:04 B C:\SU\CSE687\Code\STL\STLCODE\WS_FTP.LOG --> ftp.ecs.syr.edu /faculty/fawcett/handouts/CSE687/code/STL/STLCODE WS_FTP.LOG
2005.03.28 08:17 B C:\SU\CSE687\Code\STL\STLCODE\remove.prn --> ftp.ecs.syr.edu /faculty/fawcett/handouts/CSE687/code/STL/STLCODE remove.prn
2005.03.28 08:17 B C:\SU\CSE687\Code\STL\STLCODE\WS_FTP.LOG --> ftp.ecs.syr.edu /faculty/fawcett/handouts/CSE687/code/STL/STLCODE WS_FTP.LOG
2005.03.28 11:40 B C:\SU\CSE687\Code\STL\STLCODE\remove.prn --> ftp.ecs.syr.edu /faculty/fawcett/handouts/CSE687/code/STL/STLCODE remove.prn
2005.03.28 11:40 B C:\SU\CSE687\Code\STL\STLCODE\WS_FTP.LOG --> ftp.ecs.syr.edu /faculty/fawcett/handouts/CSE687/code/STL/STLCODE WS_FTP.LOG
2006.03.29 06:00 B C:\SU\CSE687\Code\STL\STLCODE\WS_FTP.LOG --> ftp.ecs.syr.edu /faculty/fawcett/handouts/CSE687/code/STL/STLCODE WS_FTP.LOG
2006.03.29 06:00 B C:\SU\CSE687\Code\STL\STLCODE\remove.prn --> ftp.ecs.syr.edu /faculty/fawcett/handouts/CSE687/code/STL/STLCODE remove.prn
2006.03.29 06:00 B C:\SU\CSE687\Code\STL\STLCODE\REMOVE4.CPP --> ftp.ecs.syr.edu /faculty/fawcett/handouts/CSE687/code/STL/STLCODE REMOVE4.CPP
2006.03.29 06:00 B C:\SU\CSE687\Code\STL\STLCODE\REMOVE3.CPP --> ftp.ecs.syr.edu /faculty/fawcett/handouts/CSE687/code/STL/STLCODE REMOVE3.CPP
2006.03.29 06:00 B C:\SU\CSE687\Code\STL\STLCODE\REMOVE2.CPP --> ftp.ecs.syr.edu /faculty/fawcett/handouts/CSE687/code/STL/STLCODE REMOVE2.CPP
2006.03.29 06:00 B C:\SU\CSE687\Code\STL\STLCODE\REMOVE1.CPP --> ftp.ecs.syr.edu /faculty/fawcett/handouts/CSE687/code/STL/STLCODE REMOVE1.CPP
2006.03.29 06:00 B C:\SU\CSE687\Code\STL\STLCODE\REMOVE0.CPP --> ftp.ecs.syr.edu /faculty/fawcett/handouts/CSE687/code/STL/STLCODE REMOVE0.CPP
2006.03.29 06:00 B C:\SU\CSE687\Code\STL\STLCODE\ITER2A.CPP --> ftp.ecs.syr.edu /faculty/fawcett/handouts/CSE687/code/STL/STLCODE ITER2A.CPP
2006.03.29 06:00 B C:\SU\CSE687\Code\STL\STLCODE\ITER2C.CPP --> ftp.ecs.syr.edu /faculty/fawcett/handouts/CSE687/code/STL/STLCODE ITER2C.CPP
2006.03.29 06:00 B C:\SU\CSE687\Code\STL\STLCODE\ITER1A.CPP --> ftp.ecs.syr.edu /faculty/fawcett/handouts/CSE687/code/STL/STLCODE ITER1A.CPP
2006.03.29 06:00 B C:\SU\CSE687\Code\STL\STLCODE\ALGO2B.CPP --> ftp.ecs.syr.edu /faculty/fawcett/handouts/CSE687/code/STL/STLCODE ALGO2B.CPP
2006.03.29 06:00 B C:\SU\CSE687\Code\STL\STLCODE\ALGO2A.CPP --> ftp.ecs.syr.edu /faculty/fawcett/handouts/CSE687/code/STL/STLCODE ALGO2A.CPP
2006.03.29 06:00 B C:\SU\CSE687\Code\STL\STLCODE\ALGO1.CPP --> ftp.ecs.syr.edu /faculty/fawcett/handouts/CSE687/code/STL/STLCODE ALGO1.CPP
2006.03.29 06:00 B C:\SU\CSE687\Code\STL\STLCODE\SET1.CPP --> ftp.ecs.syr.edu /faculty/fawcett/handouts/CSE687/code/STL/STLCODE SET1.CPP
2006.03.29 06:00 B C:\SU\CSE687\Code\STL\STLCODE\ITER1C.CPP --> ftp.ecs.syr.edu /faculty/fawcett/handouts/CSE687/code/STL/STLCODE ITER1C.CPP
2006.03.29 06:00 B C:\SU\CSE687\Code\STL\STLCODE\ITER2B.CPP --> ftp.ecs.syr.edu /faculty/fawcett/handouts/CSE687/code/STL/STLCODE ITER2B.CPP
2006.03.29 06:00 B C:\SU\CSE687\Code\STL\STLCODE\ITER1B.CPP --> ftp.ecs.syr.edu /faculty/fawcett/handouts/CSE687/code/STL/STLCODE ITER1B.CPP
2006.03.29 06:00 B C:\SU\CSE687\Code\STL\STLCODE\SET2.CPP --> ftp.ecs.syr.edu /faculty/fawcett/handouts/CSE687/code/STL/STLCODE SET2.CPP
