2006.03.29 05:59 B C:\SU\CSE687\Code\STL\iterators\INVALID\remove4.vcproj.COLUMBIA.Administrator.user --> ftp.ecs.syr.edu /faculty/fawcett/handouts/CSE687/code/STL/iterators/INVALID remove4.vcproj.COLUMBIA.Administrator.user
2006.03.29 05:59 B C:\SU\CSE687\Code\STL\iterators\INVALID\remove3.vcproj.COLUMBIA.Administrator.user --> ftp.ecs.syr.edu /faculty/fawcett/handouts/CSE687/code/STL/iterators/INVALID remove3.vcproj.COLUMBIA.Administrator.user
2006.03.29 05:59 B C:\SU\CSE687\Code\STL\iterators\INVALID\remove2.vcproj.COLUMBIA.Administrator.user --> ftp.ecs.syr.edu /faculty/fawcett/handouts/CSE687/code/STL/iterators/INVALID remove2.vcproj.COLUMBIA.Administrator.user
2006.03.29 05:59 B C:\SU\CSE687\Code\STL\iterators\INVALID\remove1.vcproj.COLUMBIA.Administrator.user --> ftp.ecs.syr.edu /faculty/fawcett/handouts/CSE687/code/STL/iterators/INVALID remove1.vcproj.COLUMBIA.Administrator.user
2006.03.29 05:59 B C:\SU\CSE687\Code\STL\iterators\INVALID\remove0.vcproj.COLUMBIA.Administrator.user --> ftp.ecs.syr.edu /faculty/fawcett/handouts/CSE687/code/STL/iterators/INVALID remove0.vcproj.COLUMBIA.Administrator.user
2006.03.29 05:59 B C:\SU\CSE687\Code\STL\iterators\INVALID\INVALID.suo --> ftp.ecs.syr.edu /faculty/fawcett/handouts/CSE687/code/STL/iterators/INVALID INVALID.suo
2006.03.29 05:59 B C:\SU\CSE687\Code\STL\iterators\INVALID\CoverSheet.doc --> ftp.ecs.syr.edu /faculty/fawcett/handouts/CSE687/code/STL/iterators/INVALID CoverSheet.doc
2006.03.29 05:59 B C:\SU\CSE687\Code\STL\iterators\INVALID\ScreenShot.doc --> ftp.ecs.syr.edu /faculty/fawcett/handouts/CSE687/code/STL/iterators/INVALID ScreenShot.doc
2006.03.29 05:59 B C:\SU\CSE687\Code\STL\iterators\INVALID\remove4.vcproj --> ftp.ecs.syr.edu /faculty/fawcett/handouts/CSE687/code/STL/iterators/INVALID remove4.vcproj
2006.03.29 05:59 B C:\SU\CSE687\Code\STL\iterators\INVALID\remove3.vcproj --> ftp.ecs.syr.edu /faculty/fawcett/handouts/CSE687/code/STL/iterators/INVALID remove3.vcproj
2006.03.29 05:59 B C:\SU\CSE687\Code\STL\iterators\INVALID\remove2.vcproj --> ftp.ecs.syr.edu /faculty/fawcett/handouts/CSE687/code/STL/iterators/INVALID remove2.vcproj
2006.03.29 05:59 B C:\SU\CSE687\Code\STL\iterators\INVALID\remove1.vcproj --> ftp.ecs.syr.edu /faculty/fawcett/handouts/CSE687/code/STL/iterators/INVALID remove1.vcproj
2006.03.29 05:59 B C:\SU\CSE687\Code\STL\iterators\INVALID\remove0.vcproj --> ftp.ecs.syr.edu /faculty/fawcett/handouts/CSE687/code/STL/iterators/INVALID remove0.vcproj
2006.03.29 05:59 B C:\SU\CSE687\Code\STL\iterators\INVALID\INVALID.sln --> ftp.ecs.syr.edu /faculty/fawcett/handouts/CSE687/code/STL/iterators/INVALID INVALID.sln
2006.03.29 05:59 B C:\SU\CSE687\Code\STL\iterators\INVALID\remove.txt --> ftp.ecs.syr.edu /faculty/fawcett/handouts/CSE687/code/STL/iterators/INVALID remove.txt
2006.03.29 05:59 B C:\SU\CSE687\Code\STL\iterators\INVALID\REMOVE4.txt --> ftp.ecs.syr.edu /faculty/fawcett/handouts/CSE687/code/STL/iterators/INVALID REMOVE4.txt
2006.03.29 05:59 B C:\SU\CSE687\Code\STL\iterators\INVALID\REMOVE4.DAT --> ftp.ecs.syr.edu /faculty/fawcett/handouts/CSE687/code/STL/iterators/INVALID REMOVE4.DAT
2006.03.29 05:59 B C:\SU\CSE687\Code\STL\iterators\INVALID\REMOVE3.txt --> ftp.ecs.syr.edu /faculty/fawcett/handouts/CSE687/code/STL/iterators/INVALID REMOVE3.txt
2006.03.29 05:59 B C:\SU\CSE687\Code\STL\iterators\INVALID\REMOVE3.DAT --> ftp.ecs.syr.edu /faculty/fawcett/handouts/CSE687/code/STL/iterators/INVALID REMOVE3.DAT
2006.03.29 05:59 B C:\SU\CSE687\Code\STL\iterators\INVALID\REMOVE2.txt --> ftp.ecs.syr.edu /faculty/fawcett/handouts/CSE687/code/STL/iterators/INVALID REMOVE2.txt
2006.03.29 05:59 B C:\SU\CSE687\Code\STL\iterators\INVALID\REMOVE2.DAT --> ftp.ecs.syr.edu /faculty/fawcett/handouts/CSE687/code/STL/iterators/INVALID REMOVE2.DAT
2006.03.29 05:59 B C:\SU\CSE687\Code\STL\iterators\INVALID\REMOVE1.DOC --> ftp.ecs.syr.edu /faculty/fawcett/handouts/CSE687/code/STL/iterators/INVALID REMOVE1.DOC
2006.03.29 05:59 B C:\SU\CSE687\Code\STL\iterators\INVALID\REMOVE0.DOC --> ftp.ecs.syr.edu /faculty/fawcett/handouts/CSE687/code/STL/iterators/INVALID REMOVE0.DOC
2006.03.29 05:59 B C:\SU\CSE687\Code\STL\iterators\INVALID\REMOVE4.CPP --> ftp.ecs.syr.edu /faculty/fawcett/handouts/CSE687/code/STL/iterators/INVALID REMOVE4.CPP
2006.03.29 05:59 B C:\SU\CSE687\Code\STL\iterators\INVALID\REMOVE3.CPP --> ftp.ecs.syr.edu /faculty/fawcett/handouts/CSE687/code/STL/iterators/INVALID REMOVE3.CPP
2006.03.29 05:59 B C:\SU\CSE687\Code\STL\iterators\INVALID\REMOVE2.CPP --> ftp.ecs.syr.edu /faculty/fawcett/handouts/CSE687/code/STL/iterators/INVALID REMOVE2.CPP
2006.03.29 05:59 B C:\SU\CSE687\Code\STL\iterators\INVALID\REMOVE1.CPP --> ftp.ecs.syr.edu /faculty/fawcett/handouts/CSE687/code/STL/iterators/INVALID REMOVE1.CPP
2006.03.29 05:59 B C:\SU\CSE687\Code\STL\iterators\INVALID\REMOVE0.CPP --> ftp.ecs.syr.edu /faculty/fawcett/handouts/CSE687/code/STL/iterators/INVALID REMOVE0.CPP
2007.04.03 18:23 B C:\SU\CSE687\Code\STL\iterators\INVALID\WS_FTP.LOG --> ftp.ecs.syr.edu /faculty/fawcett/handouts/CSE687/code/STL/iterators/INVALID WS_FTP.LOG
